#
# There is insufficient memory for the Java Runtime Environment to continue.
# Native memory allocation (malloc) failed to allocate 1048576 bytes for AllocateHeap
# Possible reasons:
#   The system is out of physical RAM or swap space
#   The process is running with CompressedOops enabled, and the Java Heap may be blocking the growth of the native heap
# Possible solutions:
#   Reduce memory load on the system
#   Increase physical memory or swap space
#   Check if swap backing store is full
#   Decrease Java heap size (-Xmx/-Xms)
#   Decrease number of Java threads
#   Decrease Java thread stack sizes (-Xss)
#   Set larger code cache with -XX:ReservedCodeCacheSize=
#   JVM is running with Unscaled Compressed Oops mode in which the Java heap is
#     placed in the first 4GB address space. The Java Heap base address is the
#     maximum limit for the native heap growth. Please use -XX:HeapBaseMinAddress
#     to set the Java Heap base and to place the Java Heap above 4GB virtual address.
# This output file may be truncated or incomplete.
#
#  Out of Memory Error (./open/src/hotspot/share/memory/allocation.cpp:44), pid=21888, tid=16900
#
# JRE version: OpenJDK Runtime Environment (15.0.2+7) (build 15.0.2+7-27)
# Java VM: OpenJDK 64-Bit Server VM (15.0.2+7-27, mixed mode, tiered, compressed oops, g1 gc, windows-amd64)
# No core dump will be written. Minidumps are not enabled by default on client versions of Windows
#

---------------  S U M M A R Y ------------

Command Line: -Dfile.encoding=UTF-8 --module-path=C:\Users\AymaneHR\Documents\IID1\S2\Java\TP__\stage_00\mysqldriver\mysql-connector-java-8.0.25.jar -XX:+ShowCodeDetailsInExceptionMessages stage_00.Main

Host: Intel(R) Core(TM) i5-8365U CPU @ 1.60GHz, 8 cores, 7G,  Windows 10 , 64 bit Build 22000 (10.0.22000.120)
Time: Sun Aug  8 13:41:55 2021 UTC elapsed time: 0.127602 seconds (0d 0h 0m 0s)

---------------  T H R E A D  ---------------

Current thread (0x00000230972e00f0):  VMThread "VM Thread" [stack: 0x000000fff4e00000,0x000000fff4f00000] [id=16900]

Stack: [0x000000fff4e00000,0x000000fff4f00000]
[error occurred during error reporting (printing stack bounds), id 0xc0000005, EXCEPTION_ACCESS_VIOLATION (0xc0000005) at pc=0x00000230839410ad]

Native frames: (J=compiled Java code, j=interpreted, Vv=VM code, C=native code)
V  [jvm.dll+0x62ae9a]
V  [jvm.dll+0x7817a9]
V  [jvm.dll+0x782f03]
V  [jvm.dll+0x7834c5]
V  [jvm.dll+0x78347b]
V  [jvm.dll+0x62a2b9]
V  [jvm.dll+0x62aa88]
C  [ntdll.dll+0xa826f]
C  [ntdll.dll+0x359ca]
C  [ntdll.dll+0xa727e]
C  0x00000230839410ad

VM_Operation (0x000000fff48fd0b0): CollectForMetadataAllocation, mode: safepoint, requested by thread 0x00000230fc8172f0


---------------  P R O C E S S  ---------------

Threads class SMR info:
_java_thread_list=0x0000023097444aa0, length=10, elements={
0x00000230fc8172f0, 0x0000023096a81020, 0x0000023096a82ae0, 0x00000230972efb80,
0x00000230972f0440, 0x00000230972f1e00, 0x00000230972f2ae0, 0x0000023096a86fd0,
0x0000023096a87cc0, 0x0000023096a15f20
}

Java Threads: ( => current thread )
  0x00000230fc8172f0 JavaThread "main" [_thread_blocked, id=18604, stack(0x000000fff4800000,0x000000fff4900000)]
  0x0000023096a81020 JavaThread "Reference Handler" daemon [_thread_blocked, id=12636, stack(0x000000fff4f00000,0x000000fff5000000)]
  0x0000023096a82ae0 JavaThread "Finalizer" daemon [_thread_blocked, id=24972, stack(0x000000fff5000000,0x000000fff5100000)]
  0x00000230972efb80 JavaThread "Signal Dispatcher" daemon [_thread_blocked, id=22024, stack(0x000000fff5100000,0x000000fff5200000)]
  0x00000230972f0440 JavaThread "Attach Listener" daemon [_thread_blocked, id=20296, stack(0x000000fff5200000,0x000000fff5300000)]
  0x00000230972f1e00 JavaThread "Service Thread" daemon [_thread_blocked, id=5848, stack(0x000000fff5300000,0x000000fff5400000)]
  0x00000230972f2ae0 JavaThread "C2 CompilerThread0" daemon [_thread_blocked, id=17396, stack(0x000000fff5400000,0x000000fff5500000)]
  0x0000023096a86fd0 JavaThread "C1 CompilerThread0" daemon [_thread_blocked, id=18364, stack(0x000000fff5500000,0x000000fff5600000)]
  0x0000023096a87cc0 JavaThread "Sweeper thread" daemon [_thread_blocked, id=14312, stack(0x000000fff5600000,0x000000fff5700000)]
  0x0000023096a15f20 JavaThread "Common-Cleaner" daemon [_thread_blocked, id=28108, stack(0x000000fff5700000,0x000000fff5800000)]

Other Threads:
=>0x00000230972e00f0 VMThread "VM Thread" [stack: 0x000000fff4e00000,0x000000fff4f00000] [id=16900]
  0x00000230fc853ad0 GCTaskThread "GC Thread#0" [stack: 0x000000fff4900000,0x000000fff4a00000] [id=18244]
  0x00000230975160d0 GCTaskThread "GC Thread#1" [stack: 0x000000fff5800000,0x000000fff5900000] [id=26260]
  0x00000230974203f0 GCTaskThread "GC Thread#2" [stack: 0x000000fff5900000,0x000000fff5a00000] [id=24512]
  0x00000230fc864f80 ConcurrentGCThread "G1 Main Marker" [stack: 0x000000fff4a00000,0x000000fff4b00000] [id=24692]
  0x00000230fc865bf0 ConcurrentGCThread "G1 Conc#0" [stack: 0x000000fff4b00000,0x000000fff4c00000] [id=3044]
  0x00000230974b2630 ConcurrentGCThread "G1 Conc#1" [stack: 0x000000fff5a00000,0x000000fff5b00000] [id=8776]
  0x00000230968b00a0 ConcurrentGCThread "G1 Refine#0" [stack: 0x000000fff4c00000,0x000000fff4d00000] [id=12920]
  0x00000230968b08f0 ConcurrentGCThread "G1 Young RemSet Sampling" [stack: 0x000000fff4d00000,0x000000fff4e00000] [id=1564]

Threads with active compile tasks:
C2 CompilerThread0      133  134   !   4       java.util.zip.ZipFile$Source::checkUTF8 (43 bytes)

VM state: at safepoint (normal execution)

VM Mutex/Monitor currently owned by a thread:  ([mutex/lock_event])
[0x00000230fc812310] Threads_lock - owner thread: 0x00000230972e00f0
[0x00000230fc813cf0] Heap_lock - owner thread: 0x00000230fc8172f0

Heap address: 0x0000000082e00000, size: 2002 MB, Compressed Oops mode: 32-bit
CDS disabled.
Compressed class space mapped at: 0x0000000100000000-0x0000000140000000, size: 1073741824
Narrow klass base: 0x0000000000000000, Narrow klass shift: 3, Narrow klass range: 0x140000000

GC Precious Log:
 CPUs: 8 total, 8 available
 Memory: 8003M
 Large Page Support: Disabled
 NUMA Support: Disabled
 Compressed Oops: Enabled (32-bit)
 Heap Region Size: 1M
 Heap Min Capacity: 8M
 Heap Initial Capacity: 126M
 Heap Max Capacity: 2002M
 Pre-touch: Disabled
 Parallel Workers: 8
 Concurrent Workers: 2
 Concurrent Refinement Workers: 8
 Periodic GC: Disabled

Heap:
 garbage-first heap   total 129024K, used 705K [0x0000000082e00000, 0x0000000100000000)
  region size 1024K, 1 young (1024K), 1 survivors (1024K)
 Metaspace       used 5531K, capacity 5563K, committed 5632K, reserved 1064960K
  class space    used 459K, capacity 489K, committed 512K, reserved 1048576K

Heap Regions: E=young(eden), S=young(survivor), O=old, HS=humongous(starts), HC=humongous(continues), CS=collection set, F=free, OA=open archive, CA=closed archive, TAMS=top-at-mark-start (previous, next)
|   0|0x0000000082e00000, 0x0000000082e00000, 0x0000000082f00000|  0%| F|  |TAMS 0x0000000082e00000, 0x0000000082e00000| Untracked 
|   1|0x0000000082f00000, 0x0000000082f00000, 0x0000000083000000|  0%| F|  |TAMS 0x0000000082f00000, 0x0000000082f00000| Untracked 
|   2|0x0000000083000000, 0x0000000083000000, 0x0000000083100000|  0%| F|  |TAMS 0x0000000083000000, 0x0000000083000000| Untracked 
|   3|0x0000000083100000, 0x0000000083100000, 0x0000000083200000|  0%| F|  |TAMS 0x0000000083100000, 0x0000000083100000| Untracked 
|   4|0x0000000083200000, 0x0000000083200000, 0x0000000083300000|  0%| F|  |TAMS 0x0000000083200000, 0x0000000083200000| Untracked 
|   5|0x0000000083300000, 0x0000000083300000, 0x0000000083400000|  0%| F|  |TAMS 0x0000000083300000, 0x0000000083300000| Untracked 
|   6|0x0000000083400000, 0x0000000083400000, 0x0000000083500000|  0%| F|  |TAMS 0x0000000083400000, 0x0000000083400000| Untracked 
|   7|0x0000000083500000, 0x0000000083500000, 0x0000000083600000|  0%| F|  |TAMS 0x0000000083500000, 0x0000000083500000| Untracked 
|   8|0x0000000083600000, 0x0000000083600000, 0x0000000083700000|  0%| F|  |TAMS 0x0000000083600000, 0x0000000083600000| Untracked 
|   9|0x0000000083700000, 0x0000000083700000, 0x0000000083800000|  0%| F|  |TAMS 0x0000000083700000, 0x0000000083700000| Untracked 
|  10|0x0000000083800000, 0x0000000083800000, 0x0000000083900000|  0%| F|  |TAMS 0x0000000083800000, 0x0000000083800000| Untracked 
|  11|0x0000000083900000, 0x0000000083900000, 0x0000000083a00000|  0%| F|  |TAMS 0x0000000083900000, 0x0000000083900000| Untracked 
|  12|0x0000000083a00000, 0x0000000083a00000, 0x0000000083b00000|  0%| F|  |TAMS 0x0000000083a00000, 0x0000000083a00000| Untracked 
|  13|0x0000000083b00000, 0x0000000083b00000, 0x0000000083c00000|  0%| F|  |TAMS 0x0000000083b00000, 0x0000000083b00000| Untracked 
|  14|0x0000000083c00000, 0x0000000083c00000, 0x0000000083d00000|  0%| F|  |TAMS 0x0000000083c00000, 0x0000000083c00000| Untracked 
|  15|0x0000000083d00000, 0x0000000083d00000, 0x0000000083e00000|  0%| F|  |TAMS 0x0000000083d00000, 0x0000000083d00000| Untracked 
|  16|0x0000000083e00000, 0x0000000083e00000, 0x0000000083f00000|  0%| F|  |TAMS 0x0000000083e00000, 0x0000000083e00000| Untracked 
|  17|0x0000000083f00000, 0x0000000083f00000, 0x0000000084000000|  0%| F|  |TAMS 0x0000000083f00000, 0x0000000083f00000| Untracked 
|  18|0x0000000084000000, 0x0000000084000000, 0x0000000084100000|  0%| F|  |TAMS 0x0000000084000000, 0x0000000084000000| Untracked 
|  19|0x0000000084100000, 0x0000000084100000, 0x0000000084200000|  0%| F|  |TAMS 0x0000000084100000, 0x0000000084100000| Untracked 
|  20|0x0000000084200000, 0x0000000084200000, 0x0000000084300000|  0%| F|  |TAMS 0x0000000084200000, 0x0000000084200000| Untracked 
|  21|0x0000000084300000, 0x0000000084300000, 0x0000000084400000|  0%| F|  |TAMS 0x0000000084300000, 0x0000000084300000| Untracked 
|  22|0x0000000084400000, 0x0000000084400000, 0x0000000084500000|  0%| F|  |TAMS 0x0000000084400000, 0x0000000084400000| Untracked 
|  23|0x0000000084500000, 0x0000000084500000, 0x0000000084600000|  0%| F|  |TAMS 0x0000000084500000, 0x0000000084500000| Untracked 
|  24|0x0000000084600000, 0x0000000084600000, 0x0000000084700000|  0%| F|  |TAMS 0x0000000084600000, 0x0000000084600000| Untracked 
|  25|0x0000000084700000, 0x0000000084700000, 0x0000000084800000|  0%| F|  |TAMS 0x0000000084700000, 0x0000000084700000| Untracked 
|  26|0x0000000084800000, 0x0000000084800000, 0x0000000084900000|  0%| F|  |TAMS 0x0000000084800000, 0x0000000084800000| Untracked 
|  27|0x0000000084900000, 0x0000000084900000, 0x0000000084a00000|  0%| F|  |TAMS 0x0000000084900000, 0x0000000084900000| Untracked 
|  28|0x0000000084a00000, 0x0000000084a00000, 0x0000000084b00000|  0%| F|  |TAMS 0x0000000084a00000, 0x0000000084a00000| Untracked 
|  29|0x0000000084b00000, 0x0000000084b00000, 0x0000000084c00000|  0%| F|  |TAMS 0x0000000084b00000, 0x0000000084b00000| Untracked 
|  30|0x0000000084c00000, 0x0000000084c00000, 0x0000000084d00000|  0%| F|  |TAMS 0x0000000084c00000, 0x0000000084c00000| Untracked 
|  31|0x0000000084d00000, 0x0000000084d00000, 0x0000000084e00000|  0%| F|  |TAMS 0x0000000084d00000, 0x0000000084d00000| Untracked 
|  32|0x0000000084e00000, 0x0000000084e00000, 0x0000000084f00000|  0%| F|  |TAMS 0x0000000084e00000, 0x0000000084e00000| Untracked 
|  33|0x0000000084f00000, 0x0000000084f00000, 0x0000000085000000|  0%| F|  |TAMS 0x0000000084f00000, 0x0000000084f00000| Untracked 
|  34|0x0000000085000000, 0x0000000085000000, 0x0000000085100000|  0%| F|  |TAMS 0x0000000085000000, 0x0000000085000000| Untracked 
|  35|0x0000000085100000, 0x0000000085100000, 0x0000000085200000|  0%| F|  |TAMS 0x0000000085100000, 0x0000000085100000| Untracked 
|  36|0x0000000085200000, 0x0000000085200000, 0x0000000085300000|  0%| F|  |TAMS 0x0000000085200000, 0x0000000085200000| Untracked 
|  37|0x0000000085300000, 0x0000000085300000, 0x0000000085400000|  0%| F|  |TAMS 0x0000000085300000, 0x0000000085300000| Untracked 
|  38|0x0000000085400000, 0x0000000085400000, 0x0000000085500000|  0%| F|  |TAMS 0x0000000085400000, 0x0000000085400000| Untracked 
|  39|0x0000000085500000, 0x0000000085500000, 0x0000000085600000|  0%| F|  |TAMS 0x0000000085500000, 0x0000000085500000| Untracked 
|  40|0x0000000085600000, 0x0000000085600000, 0x0000000085700000|  0%| F|  |TAMS 0x0000000085600000, 0x0000000085600000| Untracked 
|  41|0x0000000085700000, 0x0000000085700000, 0x0000000085800000|  0%| F|  |TAMS 0x0000000085700000, 0x0000000085700000| Untracked 
|  42|0x0000000085800000, 0x0000000085800000, 0x0000000085900000|  0%| F|  |TAMS 0x0000000085800000, 0x0000000085800000| Untracked 
|  43|0x0000000085900000, 0x0000000085900000, 0x0000000085a00000|  0%| F|  |TAMS 0x0000000085900000, 0x0000000085900000| Untracked 
|  44|0x0000000085a00000, 0x0000000085a00000, 0x0000000085b00000|  0%| F|  |TAMS 0x0000000085a00000, 0x0000000085a00000| Untracked 
|  45|0x0000000085b00000, 0x0000000085b00000, 0x0000000085c00000|  0%| F|  |TAMS 0x0000000085b00000, 0x0000000085b00000| Untracked 
|  46|0x0000000085c00000, 0x0000000085c00000, 0x0000000085d00000|  0%| F|  |TAMS 0x0000000085c00000, 0x0000000085c00000| Untracked 
|  47|0x0000000085d00000, 0x0000000085d00000, 0x0000000085e00000|  0%| F|  |TAMS 0x0000000085d00000, 0x0000000085d00000| Untracked 
|  48|0x0000000085e00000, 0x0000000085e00000, 0x0000000085f00000|  0%| F|  |TAMS 0x0000000085e00000, 0x0000000085e00000| Untracked 
|  49|0x0000000085f00000, 0x0000000085f00000, 0x0000000086000000|  0%| F|  |TAMS 0x0000000085f00000, 0x0000000085f00000| Untracked 
|  50|0x0000000086000000, 0x0000000086000000, 0x0000000086100000|  0%| F|  |TAMS 0x0000000086000000, 0x0000000086000000| Untracked 
|  51|0x0000000086100000, 0x0000000086100000, 0x0000000086200000|  0%| F|  |TAMS 0x0000000086100000, 0x0000000086100000| Untracked 
|  52|0x0000000086200000, 0x0000000086200000, 0x0000000086300000|  0%| F|  |TAMS 0x0000000086200000, 0x0000000086200000| Untracked 
|  53|0x0000000086300000, 0x0000000086300000, 0x0000000086400000|  0%| F|  |TAMS 0x0000000086300000, 0x0000000086300000| Untracked 
|  54|0x0000000086400000, 0x0000000086400000, 0x0000000086500000|  0%| F|  |TAMS 0x0000000086400000, 0x0000000086400000| Untracked 
|  55|0x0000000086500000, 0x0000000086500000, 0x0000000086600000|  0%| F|  |TAMS 0x0000000086500000, 0x0000000086500000| Untracked 
|  56|0x0000000086600000, 0x0000000086600000, 0x0000000086700000|  0%| F|  |TAMS 0x0000000086600000, 0x0000000086600000| Untracked 
|  57|0x0000000086700000, 0x0000000086700000, 0x0000000086800000|  0%| F|  |TAMS 0x0000000086700000, 0x0000000086700000| Untracked 
|  58|0x0000000086800000, 0x0000000086800000, 0x0000000086900000|  0%| F|  |TAMS 0x0000000086800000, 0x0000000086800000| Untracked 
|  59|0x0000000086900000, 0x0000000086900000, 0x0000000086a00000|  0%| F|  |TAMS 0x0000000086900000, 0x0000000086900000| Untracked 
|  60|0x0000000086a00000, 0x0000000086a00000, 0x0000000086b00000|  0%| F|  |TAMS 0x0000000086a00000, 0x0000000086a00000| Untracked 
|  61|0x0000000086b00000, 0x0000000086b00000, 0x0000000086c00000|  0%| F|  |TAMS 0x0000000086b00000, 0x0000000086b00000| Untracked 
|  62|0x0000000086c00000, 0x0000000086c00000, 0x0000000086d00000|  0%| F|  |TAMS 0x0000000086c00000, 0x0000000086c00000| Untracked 
|  63|0x0000000086d00000, 0x0000000086d00000, 0x0000000086e00000|  0%| F|  |TAMS 0x0000000086d00000, 0x0000000086d00000| Untracked 
|  64|0x0000000086e00000, 0x0000000086e00000, 0x0000000086f00000|  0%| F|  |TAMS 0x0000000086e00000, 0x0000000086e00000| Untracked 
|  65|0x0000000086f00000, 0x0000000086f00000, 0x0000000087000000|  0%| F|  |TAMS 0x0000000086f00000, 0x0000000086f00000| Untracked 
|  66|0x0000000087000000, 0x0000000087000000, 0x0000000087100000|  0%| F|  |TAMS 0x0000000087000000, 0x0000000087000000| Untracked 
|  67|0x0000000087100000, 0x0000000087100000, 0x0000000087200000|  0%| F|  |TAMS 0x0000000087100000, 0x0000000087100000| Untracked 
|  68|0x0000000087200000, 0x0000000087200000, 0x0000000087300000|  0%| F|  |TAMS 0x0000000087200000, 0x0000000087200000| Untracked 
|  69|0x0000000087300000, 0x0000000087300000, 0x0000000087400000|  0%| F|  |TAMS 0x0000000087300000, 0x0000000087300000| Untracked 
|  70|0x0000000087400000, 0x0000000087400000, 0x0000000087500000|  0%| F|  |TAMS 0x0000000087400000, 0x0000000087400000| Untracked 
|  71|0x0000000087500000, 0x0000000087500000, 0x0000000087600000|  0%| F|  |TAMS 0x0000000087500000, 0x0000000087500000| Untracked 
|  72|0x0000000087600000, 0x0000000087600000, 0x0000000087700000|  0%| F|  |TAMS 0x0000000087600000, 0x0000000087600000| Untracked 
|  73|0x0000000087700000, 0x0000000087700000, 0x0000000087800000|  0%| F|  |TAMS 0x0000000087700000, 0x0000000087700000| Untracked 
|  74|0x0000000087800000, 0x0000000087800000, 0x0000000087900000|  0%| F|  |TAMS 0x0000000087800000, 0x0000000087800000| Untracked 
|  75|0x0000000087900000, 0x0000000087900000, 0x0000000087a00000|  0%| F|  |TAMS 0x0000000087900000, 0x0000000087900000| Untracked 
|  76|0x0000000087a00000, 0x0000000087a00000, 0x0000000087b00000|  0%| F|  |TAMS 0x0000000087a00000, 0x0000000087a00000| Untracked 
|  77|0x0000000087b00000, 0x0000000087b00000, 0x0000000087c00000|  0%| F|  |TAMS 0x0000000087b00000, 0x0000000087b00000| Untracked 
|  78|0x0000000087c00000, 0x0000000087c00000, 0x0000000087d00000|  0%| F|  |TAMS 0x0000000087c00000, 0x0000000087c00000| Untracked 
|  79|0x0000000087d00000, 0x0000000087d00000, 0x0000000087e00000|  0%| F|  |TAMS 0x0000000087d00000, 0x0000000087d00000| Untracked 
|  80|0x0000000087e00000, 0x0000000087e00000, 0x0000000087f00000|  0%| F|  |TAMS 0x0000000087e00000, 0x0000000087e00000| Untracked 
|  81|0x0000000087f00000, 0x0000000087f00000, 0x0000000088000000|  0%| F|  |TAMS 0x0000000087f00000, 0x0000000087f00000| Untracked 
|  82|0x0000000088000000, 0x0000000088000000, 0x0000000088100000|  0%| F|  |TAMS 0x0000000088000000, 0x0000000088000000| Untracked 
|  83|0x0000000088100000, 0x0000000088100000, 0x0000000088200000|  0%| F|  |TAMS 0x0000000088100000, 0x0000000088100000| Untracked 
|  84|0x0000000088200000, 0x0000000088200000, 0x0000000088300000|  0%| F|  |TAMS 0x0000000088200000, 0x0000000088200000| Untracked 
|  85|0x0000000088300000, 0x0000000088300000, 0x0000000088400000|  0%| F|  |TAMS 0x0000000088300000, 0x0000000088300000| Untracked 
|  86|0x0000000088400000, 0x0000000088400000, 0x0000000088500000|  0%| F|  |TAMS 0x0000000088400000, 0x0000000088400000| Untracked 
|  87|0x0000000088500000, 0x0000000088500000, 0x0000000088600000|  0%| F|  |TAMS 0x0000000088500000, 0x0000000088500000| Untracked 
|  88|0x0000000088600000, 0x0000000088600000, 0x0000000088700000|  0%| F|  |TAMS 0x0000000088600000, 0x0000000088600000| Untracked 
|  89|0x0000000088700000, 0x0000000088700000, 0x0000000088800000|  0%| F|  |TAMS 0x0000000088700000, 0x0000000088700000| Untracked 
|  90|0x0000000088800000, 0x0000000088800000, 0x0000000088900000|  0%| F|  |TAMS 0x0000000088800000, 0x0000000088800000| Untracked 
|  91|0x0000000088900000, 0x0000000088900000, 0x0000000088a00000|  0%| F|  |TAMS 0x0000000088900000, 0x0000000088900000| Untracked 
|  92|0x0000000088a00000, 0x0000000088a00000, 0x0000000088b00000|  0%| F|  |TAMS 0x0000000088a00000, 0x0000000088a00000| Untracked 
|  93|0x0000000088b00000, 0x0000000088b00000, 0x0000000088c00000|  0%| F|  |TAMS 0x0000000088b00000, 0x0000000088b00000| Untracked 
|  94|0x0000000088c00000, 0x0000000088c00000, 0x0000000088d00000|  0%| F|  |TAMS 0x0000000088c00000, 0x0000000088c00000| Untracked 
|  95|0x0000000088d00000, 0x0000000088d00000, 0x0000000088e00000|  0%| F|  |TAMS 0x0000000088d00000, 0x0000000088d00000| Untracked 
|  96|0x0000000088e00000, 0x0000000088e00000, 0x0000000088f00000|  0%| F|  |TAMS 0x0000000088e00000, 0x0000000088e00000| Untracked 
|  97|0x0000000088f00000, 0x0000000088f00000, 0x0000000089000000|  0%| F|  |TAMS 0x0000000088f00000, 0x0000000088f00000| Untracked 
|  98|0x0000000089000000, 0x0000000089000000, 0x0000000089100000|  0%| F|  |TAMS 0x0000000089000000, 0x0000000089000000| Untracked 
|  99|0x0000000089100000, 0x0000000089100000, 0x0000000089200000|  0%| F|  |TAMS 0x0000000089100000, 0x0000000089100000| Untracked 
| 100|0x0000000089200000, 0x0000000089200000, 0x0000000089300000|  0%| F|  |TAMS 0x0000000089200000, 0x0000000089200000| Untracked 
| 101|0x0000000089300000, 0x0000000089300000, 0x0000000089400000|  0%| F|  |TAMS 0x0000000089300000, 0x0000000089300000| Untracked 
| 102|0x0000000089400000, 0x0000000089400000, 0x0000000089500000|  0%| F|  |TAMS 0x0000000089400000, 0x0000000089400000| Untracked 
| 103|0x0000000089500000, 0x0000000089500000, 0x0000000089600000|  0%| F|  |TAMS 0x0000000089500000, 0x0000000089500000| Untracked 
| 104|0x0000000089600000, 0x0000000089600000, 0x0000000089700000|  0%| F|  |TAMS 0x0000000089600000, 0x0000000089600000| Untracked 
| 105|0x0000000089700000, 0x0000000089700000, 0x0000000089800000|  0%| F|  |TAMS 0x0000000089700000, 0x0000000089700000| Untracked 
| 106|0x0000000089800000, 0x0000000089800000, 0x0000000089900000|  0%| F|  |TAMS 0x0000000089800000, 0x0000000089800000| Untracked 
| 107|0x0000000089900000, 0x0000000089900000, 0x0000000089a00000|  0%| F|  |TAMS 0x0000000089900000, 0x0000000089900000| Untracked 
| 108|0x0000000089a00000, 0x0000000089a00000, 0x0000000089b00000|  0%| F|  |TAMS 0x0000000089a00000, 0x0000000089a00000| Untracked 
| 109|0x0000000089b00000, 0x0000000089b00000, 0x0000000089c00000|  0%| F|  |TAMS 0x0000000089b00000, 0x0000000089b00000| Untracked 
| 110|0x0000000089c00000, 0x0000000089c00000, 0x0000000089d00000|  0%| F|  |TAMS 0x0000000089c00000, 0x0000000089c00000| Untracked 
| 111|0x0000000089d00000, 0x0000000089d00000, 0x0000000089e00000|  0%| F|  |TAMS 0x0000000089d00000, 0x0000000089d00000| Untracked 
| 112|0x0000000089e00000, 0x0000000089e00000, 0x0000000089f00000|  0%| F|  |TAMS 0x0000000089e00000, 0x0000000089e00000| Untracked 
| 113|0x0000000089f00000, 0x0000000089f00000, 0x000000008a000000|  0%| F|  |TAMS 0x0000000089f00000, 0x0000000089f00000| Untracked 
| 114|0x000000008a000000, 0x000000008a000000, 0x000000008a100000|  0%| F|  |TAMS 0x000000008a000000, 0x000000008a000000| Untracked 
| 115|0x000000008a100000, 0x000000008a100000, 0x000000008a200000|  0%| F|  |TAMS 0x000000008a100000, 0x000000008a100000| Untracked 
| 116|0x000000008a200000, 0x000000008a200000, 0x000000008a300000|  0%| F|  |TAMS 0x000000008a200000, 0x000000008a200000| Untracked 
| 117|0x000000008a300000, 0x000000008a300000, 0x000000008a400000|  0%| F|  |TAMS 0x000000008a300000, 0x000000008a300000| Untracked 
| 118|0x000000008a400000, 0x000000008a400000, 0x000000008a500000|  0%| F|  |TAMS 0x000000008a400000, 0x000000008a400000| Untracked 
| 119|0x000000008a500000, 0x000000008a500000, 0x000000008a600000|  0%| F|  |TAMS 0x000000008a500000, 0x000000008a500000| Untracked 
| 120|0x000000008a600000, 0x000000008a600000, 0x000000008a700000|  0%| F|  |TAMS 0x000000008a600000, 0x000000008a600000| Untracked 
| 121|0x000000008a700000, 0x000000008a700000, 0x000000008a800000|  0%| F|  |TAMS 0x000000008a700000, 0x000000008a700000| Untracked 
| 122|0x000000008a800000, 0x000000008a800000, 0x000000008a900000|  0%| F|  |TAMS 0x000000008a800000, 0x000000008a800000| Untracked 
| 123|0x000000008a900000, 0x000000008a9b0680, 0x000000008aa00000| 68%| S|CS|TAMS 0x000000008a900000, 0x000000008a900000| Complete 
| 124|0x000000008aa00000, 0x000000008aa00000, 0x000000008ab00000|  0%| F|  |TAMS 0x000000008aa00000, 0x000000008aa00000| Untracked 
| 125|0x000000008ab00000, 0x000000008ab00000, 0x000000008ac00000|  0%| F|  |TAMS 0x000000008ab00000, 0x000000008ab00000| Untracked 

Card table byte_map: [0x00000230fd000000,0x00000230fd3f0000] _byte_map_base: 0x00000230fcbe9000

Marking Bits (Prev, Next): (CMBitMap*) 0x00000230fc854340, (CMBitMap*) 0x00000230fc854380
 Prev Bits: [0x00000230fd7e0000, 0x00000230ff728000)
 Next Bits: [0x0000023092940000, 0x0000023094888000)

Polling page: 0x00000230fa760000

Metaspace:

Usage:
  Non-class:      4.96 MB capacity,     4.95 MB (>99%) used,   736 bytes ( <1%) free+waste,     1.38 KB ( <1%) overhead. 
      Class:    489.00 KB capacity,   459.23 KB ( 94%) used,    29.20 KB (  6%) free+waste,   576 bytes ( <1%) overhead. 
       Both:      5.43 MB capacity,     5.40 MB (>99%) used,    29.92 KB ( <1%) free+waste,     1.94 KB ( <1%) overhead. 

Virtual space:
  Non-class space:       16.00 MB reserved,       5.00 MB ( 31%) committed 
      Class space:        1.00 GB reserved,     512.00 KB ( <1%) committed 
             Both:        1.02 GB reserved,       5.50 MB ( <1%) committed 

Chunk freelists:
   Non-Class:  46.00 KB
       Class:  23.00 KB
        Both:  69.00 KB

MaxMetaspaceSize: 17179869184.00 GB
CompressedClassSpaceSize: 1.00 GB

CodeHeap 'non-profiled nmethods': size=120000Kb used=35Kb max_used=35Kb free=119964Kb
 bounds [0x000002308b410000, 0x000002308b680000, 0x0000023092940000]
CodeHeap 'profiled nmethods': size=120000Kb used=144Kb max_used=144Kb free=119855Kb
 bounds [0x0000023083ee0000, 0x0000023084150000, 0x000002308b410000]
CodeHeap 'non-nmethods': size=5760Kb used=1099Kb max_used=1113Kb free=4660Kb
 bounds [0x0000023083940000, 0x0000023083bb0000, 0x0000023083ee0000]
 total_blobs=470 nmethods=133 adapters=250
 compilation: enabled
              stopped_count=0, restarted_count=0
 full_count=0

Compilation events (20 events):
Event: 0.115 Thread 0x0000023096a86fd0  125       3       java.util.zip.ZipUtils::CENSIG (8 bytes)
Event: 0.115 Thread 0x0000023096a86fd0 nmethod 125 0x0000023083f01210 code [0x0000023083f013c0, 0x0000023083f01698]
Event: 0.115 Thread 0x0000023096a86fd0  130       3       java.util.zip.ZipUtils::CENFLG (9 bytes)
Event: 0.115 Thread 0x0000023096a86fd0 nmethod 130 0x0000023083f01810 code [0x0000023083f019c0, 0x0000023083f01b58]
Event: 0.115 Thread 0x0000023096a86fd0  131       3       java.util.zip.ZipFile$Source::zipCoderForPos (39 bytes)
Event: 0.115 Thread 0x00000230972f2ae0 nmethod 123 0x000002308b418b10 code [0x000002308b418c80, 0x000002308b418d18]
Event: 0.115 Thread 0x0000023096a86fd0 nmethod 131 0x0000023083f01c90 code [0x0000023083f01e60, 0x0000023083f02208]
Event: 0.115 Thread 0x00000230972f2ae0  134   !   4       java.util.zip.ZipFile$Source::checkUTF8 (43 bytes)
Event: 0.115 Thread 0x0000023096a86fd0  132       3       java.util.zip.ZipFile$Source::addEntry (33 bytes)
Event: 0.115 Thread 0x0000023096a86fd0 nmethod 132 0x0000023083f02390 code [0x0000023083f02520, 0x0000023083f02698]
Event: 0.115 Thread 0x0000023096a86fd0  133       3       java.util.zip.ZipFile$Source::isMetaName (141 bytes)
Event: 0.116 Thread 0x0000023096a86fd0 nmethod 133 0x0000023083f02790 code [0x0000023083f02960, 0x0000023083f02e58]
Event: 0.116 Thread 0x0000023096a86fd0  126       3       java.util.zip.ZipUtils::CENHOW (9 bytes)
Event: 0.116 Thread 0x0000023096a86fd0 nmethod 126 0x0000023083f03010 code [0x0000023083f031c0, 0x0000023083f03358]
Event: 0.116 Thread 0x0000023096a86fd0  127       3       java.util.zip.ZipUtils::CENNAM (9 bytes)
Event: 0.116 Thread 0x0000023096a86fd0 nmethod 127 0x0000023083f03490 code [0x0000023083f03640, 0x0000023083f037d8]
Event: 0.116 Thread 0x0000023096a86fd0  128       3       java.util.zip.ZipUtils::CENEXT (9 bytes)
Event: 0.116 Thread 0x0000023096a86fd0 nmethod 128 0x0000023083f03910 code [0x0000023083f03ac0, 0x0000023083f03c58]
Event: 0.116 Thread 0x0000023096a86fd0  129       3       java.util.zip.ZipUtils::CENCOM (9 bytes)
Event: 0.116 Thread 0x0000023096a86fd0 nmethod 129 0x0000023083f03d90 code [0x0000023083f03f40, 0x0000023083f040d8]

GC Heap History (2 events):
Event: 0.117 GC heap before
{Heap before GC invocations=0 (full 0):
 garbage-first heap   total 129024K, used 1024K [0x0000000082e00000, 0x0000000100000000)
  region size 1024K, 2 young (2048K), 0 survivors (0K)
 Metaspace       used 5531K, capacity 5563K, committed 5632K, reserved 1062912K
  class space    used 459K, capacity 489K, committed 512K, reserved 1048576K
}
Event: 0.119 GC heap after
{Heap after GC invocations=1 (full 0):
 garbage-first heap   total 129024K, used 705K [0x0000000082e00000, 0x0000000100000000)
  region size 1024K, 1 young (1024K), 1 survivors (1024K)
 Metaspace       used 5531K, capacity 5563K, committed 5632K, reserved 1062912K
  class space    used 459K, capacity 489K, committed 512K, reserved 1048576K
}

Deoptimization events (0 events):
No events

Classes unloaded (0 events):
No events

Classes redefined (0 events):
No events

Internal exceptions (0 events):
No events

Events (20 events):
Event: 0.114 loading class java/io/DataOutput done
Event: 0.114 loading class java/io/DataInput
Event: 0.114 loading class java/io/DataInput done
Event: 0.114 loading class java/io/RandomAccessFile done
Event: 0.114 loading class java/io/RandomAccessFile$2
Event: 0.114 loading class jdk/internal/access/JavaIORandomAccessFileAccess
Event: 0.114 loading class jdk/internal/access/JavaIORandomAccessFileAccess done
Event: 0.114 loading class java/io/RandomAccessFile$2 done
Event: 0.114 loading class java/io/FileCleanable
Event: 0.114 loading class java/io/FileCleanable done
Event: 0.114 loading class java/util/zip/ZipFile$Source$End
Event: 0.114 loading class java/util/zip/ZipFile$Source$End done
Event: 0.114 loading class java/util/zip/ZipUtils
Event: 0.114 loading class java/util/zip/ZipUtils done
Event: 0.116 loading class java/util/concurrent/TimeUnit
Event: 0.116 loading class java/util/concurrent/TimeUnit done
Event: 0.116 loading class java/nio/file/attribute/FileTime
Event: 0.116 loading class java/nio/file/attribute/FileTime done
Event: 0.116 loading class java/util/Locale
Event: 0.117 Executing VM operation: CollectForMetadataAllocation


Dynamic libraries:
0x00007ff795840000 - 0x00007ff79584d000 	C:\Users\AymaneHR\.p2\pool\plugins\org.eclipse.justj.openjdk.hotspot.jre.full.win32.x86_64_15.0.2.v20210201-0955\jre\bin\javaw.exe
0x00007ffc65e60000 - 0x00007ffc66067000 	C:\WINDOWS\SYSTEM32\ntdll.dll
0x00007ffc64920000 - 0x00007ffc649dd000 	C:\WINDOWS\System32\KERNEL32.DLL
0x00007ffc638d0000 - 0x00007ffc63c44000 	C:\WINDOWS\System32\KERNELBASE.dll
0x00007ffc604f0000 - 0x00007ffc60581000 	C:\WINDOWS\SYSTEM32\apphelp.dll
0x00007ffc634d0000 - 0x00007ffc635e1000 	C:\WINDOWS\System32\ucrtbase.dll
0x00007ffc53720000 - 0x00007ffc53739000 	C:\Users\AymaneHR\.p2\pool\plugins\org.eclipse.justj.openjdk.hotspot.jre.full.win32.x86_64_15.0.2.v20210201-0955\jre\bin\VCRUNTIME140.dll
0x00007ffc5f400000 - 0x00007ffc5f418000 	C:\Users\AymaneHR\.p2\pool\plugins\org.eclipse.justj.openjdk.hotspot.jre.full.win32.x86_64_15.0.2.v20210201-0955\jre\bin\jli.dll
0x00007ffc65630000 - 0x00007ffc657dc000 	C:\WINDOWS\System32\USER32.dll
0x00007ffc370a0000 - 0x00007ffc37345000 	C:\WINDOWS\WinSxS\amd64_microsoft.windows.common-controls_6595b64144ccf1df_6.0.22000.120_none_9d947278b86cc467\COMCTL32.dll
0x00007ffc638a0000 - 0x00007ffc638c6000 	C:\WINDOWS\System32\win32u.dll
0x00007ffc652f0000 - 0x00007ffc65393000 	C:\WINDOWS\System32\msvcrt.dll
0x00007ffc64070000 - 0x00007ffc64099000 	C:\WINDOWS\System32\GDI32.dll
0x00007ffc63340000 - 0x00007ffc63452000 	C:\WINDOWS\System32\gdi32full.dll
0x00007ffc63c50000 - 0x00007ffc63ced000 	C:\WINDOWS\System32\msvcp_win.dll
0x00007ffc641c0000 - 0x00007ffc641f1000 	C:\WINDOWS\System32\IMM32.DLL
0x00007ffc53710000 - 0x00007ffc5371c000 	C:\Users\AymaneHR\.p2\pool\plugins\org.eclipse.justj.openjdk.hotspot.jre.full.win32.x86_64_15.0.2.v20210201-0955\jre\bin\vcruntime140_1.dll
0x00007ffc50ec0000 - 0x00007ffc50f51000 	C:\Users\AymaneHR\.p2\pool\plugins\org.eclipse.justj.openjdk.hotspot.jre.full.win32.x86_64_15.0.2.v20210201-0955\jre\bin\msvcp140.dll
0x00007ffbd0ae0000 - 0x00007ffbd163e000 	C:\Users\AymaneHR\.p2\pool\plugins\org.eclipse.justj.openjdk.hotspot.jre.full.win32.x86_64_15.0.2.v20210201-0955\jre\bin\server\jvm.dll
0x00007ffc653a0000 - 0x00007ffc6544c000 	C:\WINDOWS\System32\ADVAPI32.dll
0x00007ffc644f0000 - 0x00007ffc6458d000 	C:\WINDOWS\System32\sechost.dll
0x00007ffc643c0000 - 0x00007ffc644e1000 	C:\WINDOWS\System32\RPCRT4.dll
0x00007ffc65890000 - 0x00007ffc65898000 	C:\WINDOWS\System32\PSAPI.DLL
0x00007ffc5cd10000 - 0x00007ffc5cd43000 	C:\WINDOWS\SYSTEM32\WINMM.dll
0x00007ffc558a0000 - 0x00007ffc558aa000 	C:\WINDOWS\SYSTEM32\VERSION.dll
0x00007ffc4adb0000 - 0x00007ffc4adb9000 	C:\WINDOWS\SYSTEM32\WSOCK32.dll
0x00007ffc655c0000 - 0x00007ffc6562f000 	C:\WINDOWS\System32\WS2_32.dll
0x00007ffc62430000 - 0x00007ffc62448000 	C:\WINDOWS\SYSTEM32\kernel.appcore.dll
0x00007ffc5f2c0000 - 0x00007ffc5f2ca000 	C:\Users\AymaneHR\.p2\pool\plugins\org.eclipse.justj.openjdk.hotspot.jre.full.win32.x86_64_15.0.2.v20210201-0955\jre\bin\jimage.dll
0x00007ffc609b0000 - 0x00007ffc60bd1000 	C:\WINDOWS\SYSTEM32\DBGHELP.DLL
0x00007ffc4d0f0000 - 0x00007ffc4d121000 	C:\WINDOWS\SYSTEM32\dbgcore.DLL
0x00007ffc63820000 - 0x00007ffc638a0000 	C:\WINDOWS\System32\bcryptPrimitives.dll
0x00007ffc51350000 - 0x00007ffc51375000 	C:\Users\AymaneHR\.p2\pool\plugins\org.eclipse.justj.openjdk.hotspot.jre.full.win32.x86_64_15.0.2.v20210201-0955\jre\bin\java.dll
0x00007ffc532d0000 - 0x00007ffc532e8000 	C:\Users\AymaneHR\.p2\pool\plugins\org.eclipse.justj.openjdk.hotspot.jre.full.win32.x86_64_15.0.2.v20210201-0955\jre\bin\zip.dll
0x00007ffc64a40000 - 0x00007ffc651e9000 	C:\WINDOWS\System32\SHELL32.dll
0x00007ffc614b0000 - 0x00007ffc61d12000 	C:\WINDOWS\SYSTEM32\windows.storage.dll
0x00007ffc64590000 - 0x00007ffc64908000 	C:\WINDOWS\System32\combase.dll
0x00007ffc61340000 - 0x00007ffc614a6000 	C:\WINDOWS\SYSTEM32\wintypes.dll
0x00007ffc65450000 - 0x00007ffc6553a000 	C:\WINDOWS\System32\SHCORE.dll
0x00007ffc63cf0000 - 0x00007ffc63d4d000 	C:\WINDOWS\System32\shlwapi.dll
0x00007ffc63270000 - 0x00007ffc63291000 	C:\WINDOWS\SYSTEM32\profapi.dll
0x00007ffc52bc0000 - 0x00007ffc52bd9000 	C:\Users\AymaneHR\.p2\pool\plugins\org.eclipse.justj.openjdk.hotspot.jre.full.win32.x86_64_15.0.2.v20210201-0955\jre\bin\net.dll
0x00007ffc5e530000 - 0x00007ffc5e63c000 	C:\WINDOWS\SYSTEM32\WINHTTP.dll
0x00007ffc62830000 - 0x00007ffc62897000 	C:\WINDOWS\system32\mswsock.dll
0x00007ffc51330000 - 0x00007ffc51342000 	C:\Users\AymaneHR\.p2\pool\plugins\org.eclipse.justj.openjdk.hotspot.jre.full.win32.x86_64_15.0.2.v20210201-0955\jre\bin\nio.dll

dbghelp: loaded successfully - version: 4.0.5 - missing functions: none
symbol engine: initialized successfully - sym options: 0x614 - pdb path: .;C:\Users\AymaneHR\.p2\pool\plugins\org.eclipse.justj.openjdk.hotspot.jre.full.win32.x86_64_15.0.2.v20210201-0955\jre\bin;C:\WINDOWS\SYSTEM32;C:\WINDOWS\WinSxS\amd64_microsoft.windows.common-controls_6595b64144ccf1df_6.0.22000.120_none_9d947278b86cc467;C:\Users\AymaneHR\.p2\pool\plugins\org.eclipse.justj.openjdk.hotspot.jre.full.win32.x86_64_15.0.2.v20210201-0955\jre\bin\server

VM Arguments:
jvm_args: -Dfile.encoding=UTF-8 --module-path=C:\Users\AymaneHR\Documents\IID1\S2\Java\TP__\stage_00\mysqldriver\mysql-connector-java-8.0.25.jar -XX:+ShowCodeDetailsInExceptionMessages 
java_command: stage_00.Main
java_class_path (initial): C:\Users\AymaneHR\Documents\IID1\S2\Java\TP__\stage_00\bin;C:\Users\AymaneHR\Documents\IID1\S2\Java\TP__\stage_00\miglayout15-swing.jar;C:\Users\AymaneHR\Documents\IID1\S2\Java\TP__\stage_00\jgoodies-forms-1.8.0.jar
Launcher Type: SUN_STANDARD

[Global flags]
     intx CICompilerCount                          = 4                                         {product} {ergonomic}
     uint ConcGCThreads                            = 2                                         {product} {ergonomic}
     uint G1ConcRefinementThreads                  = 8                                         {product} {ergonomic}
   size_t G1HeapRegionSize                         = 1048576                                   {product} {ergonomic}
    uintx GCDrainStackTargetSize                   = 64                                        {product} {ergonomic}
   size_t InitialHeapSize                          = 132120576                                 {product} {ergonomic}
   size_t MarkStackSize                            = 4194304                                   {product} {ergonomic}
   size_t MaxHeapSize                              = 2099249152                                {product} {ergonomic}
   size_t MaxNewSize                               = 1259339776                                {product} {ergonomic}
   size_t MinHeapDeltaBytes                        = 1048576                                   {product} {ergonomic}
   size_t MinHeapSize                              = 8388608                                   {product} {ergonomic}
    uintx NonNMethodCodeHeapSize                   = 5839372                                {pd product} {ergonomic}
    uintx NonProfiledCodeHeapSize                  = 122909434                              {pd product} {ergonomic}
    uintx ProfiledCodeHeapSize                     = 122909434                              {pd product} {ergonomic}
    uintx ReservedCodeCacheSize                    = 251658240                              {pd product} {ergonomic}
     bool SegmentedCodeCache                       = true                                      {product} {ergonomic}
     bool ShowCodeDetailsInExceptionMessages       = true                                   {manageable} {command line}
   size_t SoftMaxHeapSize                          = 2099249152                             {manageable} {ergonomic}
     bool UseCompressedClassPointers               = true                                 {lp64_product} {ergonomic}
     bool UseCompressedOops                        = true                                 {lp64_product} {ergonomic}
     bool UseG1GC                                  = true                                      {product} {ergonomic}
     bool UseLargePagesIndividualAllocation        = false                                  {pd product} {ergonomic}

Logging:
Log output configuration:
 #0: stdout all=warning uptime,level,tags
 #1: stderr all=off uptime,level,tags

Environment Variables:
JAVA_HOME=C:\Program Files\Java\jdk1.8.0_301
PATH=C:/Users/AymaneHR/.p2/pool/plugins/org.eclipse.justj.openjdk.hotspot.jre.full.win32.x86_64_15.0.2.v20210201-0955/jre/bin/server;C:/Users/AymaneHR/.p2/pool/plugins/org.eclipse.justj.openjdk.hotspot.jre.full.win32.x86_64_15.0.2.v20210201-0955/jre/bin;C:\Program Files\AdoptOpenJDK\jdk-11.0.11.9-hotspot\bin;C:\Program Files\OpenJDK\jdk-8.0.262.10-hotspot\bin;C:\Program Files (x86)\VMware\VMware Workstation\bin\;C:\Program Files (x86)\Common Files\Oracle\Java\javapath;C:\WINDOWS\system32;C:\WINDOWS;C:\WINDOWS\System32\Wbem;C:\WINDOWS\System32\WindowsPowerShell\v1.0\;C:\WINDOWS\System32\OpenSSH\;C:\Program Files\MATLAB\MATLAB Production Server\R2015a\runtime\win64;C:\Program Files\MATLAB\MATLAB Production Server\R2015a\bin;C:\Program Files\MATLAB\MATLAB Production Server\R2015a\polyspace\bin;C:\Program Files\Git\cmd;C:\Program Files\Git\mingw64\bin;C:\Program Files\Git\usr\bin;C:\webdrivers;C:\Program Files\nodejs\;C:\Program Files\MongoDB\Server\4.4\bin;C:\Program Files\MongoDB\Tools\100\bin;D:\Downloads\Softwares;C:\Program Files\CMake\bin;C:\Program Files\Java\jdk1.8.0_301\bin;C:\Users\AymaneHR\anaconda3;C:\Users\AymaneHR\anaconda3\Library\mingw-w64\bin;C:\Users\AymaneHR\anaconda3\Library\usr\bin;C:\Users\AymaneHR\anaconda3\Library\bin;C:\Users\AymaneHR\anaconda3\Scripts;C:\Users\AymaneHR\AppData\Local\Programs\Python\Python39\Scripts\;C:\Users\AymaneHR\AppData\Local\Programs\Python\Python39\;C:\Users\AymaneHR\AppData\Local\Microsoft\WindowsApps;C:\Program Files\JetBrains\PyCharm Community Edition 2020.2.3\bin;;C:\Users\AymaneHR\AppData\Roaming\npm;C:\Users\AymaneHR\AppData\Local\Programs\Microsoft VS Code\bin;C:\Program Files\heroku\bin;;C:\WINDOWS\system32;
USERNAME=AymaneHR
TZ=UTC
OS=Windows_NT
PROCESSOR_IDENTIFIER=Intel64 Family 6 Model 142 Stepping 12, GenuineIntel



---------------  S Y S T E M  ---------------

OS:
 Windows 10 , 64 bit Build 22000 (10.0.22000.120)
OS uptime: 1 days 3:15 hours
HyperV virtualization detected

CPU: total 8 (initial active 8) (4 cores per cpu, 2 threads per core) family 6 model 142 stepping 12 microcode 0xea, cmov, cx8, fxsr, mmx, sse, sse2, sse3, ssse3, sse4.1, sse4.2, popcnt, vzeroupper, avx, avx2, aes, clmul, erms, 3dnowpref, lzcnt, ht, tsc, tscinvbit, bmi1, bmi2, adx, fma, clflush, clflushopt

Memory: 4k page, system-wide physical 8003M (387M free)
TotalPageFile size 32579M (AvailPageFile size 4M)
current process WorkingSet (physical memory assigned to process): 34M, peak: 34M
current process commit charge ("private bytes"): 203M, peak: 204M

vm_info: OpenJDK 64-Bit Server VM (15.0.2+7-27) for windows-amd64 JRE (15.0.2+7-27), built on Dec  7 2020 20:02:38 by "mach5one" with unknown MS VC++:1925

END.
