#
# There is insufficient memory for the Java Runtime Environment to continue.
# Native memory allocation (malloc) failed to allocate 198976 bytes for Chunk::new
# Possible reasons:
#   The system is out of physical RAM or swap space
#   The process is running with CompressedOops enabled, and the Java Heap may be blocking the growth of the native heap
# Possible solutions:
#   Reduce memory load on the system
#   Increase physical memory or swap space
#   Check if swap backing store is full
#   Decrease Java heap size (-Xmx/-Xms)
#   Decrease number of Java threads
#   Decrease Java thread stack sizes (-Xss)
#   Set larger code cache with -XX:ReservedCodeCacheSize=
#   JVM is running with Unscaled Compressed Oops mode in which the Java heap is
#     placed in the first 4GB address space. The Java Heap base address is the
#     maximum limit for the native heap growth. Please use -XX:HeapBaseMinAddress
#     to set the Java Heap base and to place the Java Heap above 4GB virtual address.
# This output file may be truncated or incomplete.
#
#  Out of Memory Error (allocation.cpp:389), pid=15396, tid=0x0000000000000aa8
#
# JRE version: Java(TM) SE Runtime Environment (8.0_281-b09) (build 1.8.0_281-b09)
# Java VM: Java HotSpot(TM) 64-Bit Server VM (25.281-b09 mixed mode windows-amd64 compressed oops)
# Failed to write core dump. Minidumps are not enabled by default on client versions of Windows
#

---------------  T H R E A D  ---------------

Current thread (0x000001e2e8b17000):  JavaThread "C2 CompilerThread1" daemon [_thread_in_native, id=2728, stack(0x000000376c700000,0x000000376c800000)]

Stack: [0x000000376c700000,0x000000376c800000]
Native frames: (J=compiled Java code, j=interpreted, Vv=VM code, C=native code)
V  [jvm.dll+0x32e5b9]
V  [jvm.dll+0x275012]
V  [jvm.dll+0x275cbd]
V  [jvm.dll+0x26c6f5]
V  [jvm.dll+0xd51fc]
V  [jvm.dll+0xd59fc]
V  [jvm.dll+0x4523f2]
V  [jvm.dll+0x48d85d]
V  [jvm.dll+0x4423f1]
V  [jvm.dll+0x43f664]
V  [jvm.dll+0x42a5e7]
V  [jvm.dll+0xabe9b]
V  [jvm.dll+0xaa4fb]
V  [jvm.dll+0x23d6b2]
V  [jvm.dll+0x291cbc]
C  [ucrtbase.dll+0x26c0c]
C  [KERNEL32.DLL+0x154e0]
C  [ntdll.dll+0x485b]


Current CompileTask:
C2:15599114  826       4       jdk.internal.org.objectweb.asm.Item::set (143 bytes)


---------------  P R O C E S S  ---------------

Java Threads: ( => current thread )
  0x000001e2d1ff4800 JavaThread "DestroyJavaVM" [_thread_blocked, id=6616, stack(0x000000376b800000,0x000000376b900000)]
  0x000001e2ea49f800 JavaThread "AWT-EventQueue-0" [_thread_blocked, id=15488, stack(0x000000376d000000,0x000000376d100000)]
  0x000001e2ea3b3800 JavaThread "AWT-Windows" daemon [_thread_in_vm, id=15460, stack(0x000000376cf00000,0x000000376d000000)]
  0x000001e2ea3b2800 JavaThread "AWT-Shutdown" [_thread_blocked, id=4236, stack(0x000000376ce00000,0x000000376cf00000)]
  0x000001e2ea3b1800 JavaThread "Java2D Disposer" daemon [_thread_blocked, id=528, stack(0x000000376cd00000,0x000000376ce00000)]
  0x000001e2ea212000 JavaThread "mysql-cj-abandoned-connection-cleanup" daemon [_thread_blocked, id=3764, stack(0x000000376cc00000,0x000000376cd00000)]
  0x000001e2e9ee8800 JavaThread "Service Thread" daemon [_thread_blocked, id=15972, stack(0x000000376ca00000,0x000000376cb00000)]
  0x000001e2e8b24800 JavaThread "C1 CompilerThread3" daemon [_thread_blocked, id=16320, stack(0x000000376c900000,0x000000376ca00000)]
  0x000001e2e8b20000 JavaThread "C2 CompilerThread2" daemon [_thread_blocked, id=3100, stack(0x000000376c800000,0x000000376c900000)]
=>0x000001e2e8b17000 JavaThread "C2 CompilerThread1" daemon [_thread_in_native, id=2728, stack(0x000000376c700000,0x000000376c800000)]
  0x000001e2e8b14800 JavaThread "C2 CompilerThread0" daemon [_thread_blocked, id=668, stack(0x000000376c600000,0x000000376c700000)]
  0x000001e2e8b11000 JavaThread "Attach Listener" daemon [_thread_blocked, id=14604, stack(0x000000376c500000,0x000000376c600000)]
  0x000001e2e8b0e000 JavaThread "Signal Dispatcher" daemon [_thread_blocked, id=16280, stack(0x000000376c400000,0x000000376c500000)]
  0x000001e2e8af1000 JavaThread "Finalizer" daemon [_thread_blocked, id=7824, stack(0x000000376c300000,0x000000376c400000)]
  0x000001e2e8ac9800 JavaThread "Reference Handler" daemon [_thread_blocked, id=15268, stack(0x000000376c200000,0x000000376c300000)]

Other Threads:
  0x000001e2e8ac1800 VMThread [stack: 0x000000376c100000,0x000000376c200000] [id=5624]
  0x000001e2e9f0e000 WatcherThread [stack: 0x000000376cb00000,0x000000376cc00000] [id=1684]

VM state:not at safepoint (normal execution)

VM Mutex/Monitor currently owned by a thread: None

heap address: 0x0000000082e00000, size: 2002 MB, Compressed Oops mode: 32-bit
Narrow klass base: 0x0000000000000000, Narrow klass shift: 3
Compressed class space size: 1073741824 Address: 0x0000000100000000

Heap:
 PSYoungGen      total 37888K, used 24263K [0x00000000d6500000, 0x00000000d8f00000, 0x0000000100000000)
  eden space 32768K, 74% used [0x00000000d6500000,0x00000000d7cb1ce0,0x00000000d8500000)
  from space 5120K, 0% used [0x00000000d8a00000,0x00000000d8a00000,0x00000000d8f00000)
  to   space 5120K, 0% used [0x00000000d8500000,0x00000000d8500000,0x00000000d8a00000)
 ParOldGen       total 86016K, used 0K [0x0000000082e00000, 0x0000000088200000, 0x00000000d6500000)
  object space 86016K, 0% used [0x0000000082e00000,0x0000000082e00000,0x0000000088200000)
 Metaspace       used 13714K, capacity 13992K, committed 14080K, reserved 1060864K
  class space    used 1671K, capacity 1781K, committed 1792K, reserved 1048576K

Card table byte_map: [0x000001e2e2cd0000,0x000001e2e30c0000] byte_map_base: 0x000001e2e28b9000

Marking Bits: (ParMarkBitMap*) 0x000000006d3f6ff0
 Begin Bits: [0x000001e2e3360000, 0x000001e2e52a8000)
 End Bits:   [0x000001e2e52a8000, 0x000001e2e71f0000)

Polling page: 0x000001e2d20e0000

CodeCache: size=245760Kb used=3051Kb max_used=3070Kb free=242708Kb
 bounds [0x000001e2d3910000, 0x000001e2d3c20000, 0x000001e2e2910000]
 total_blobs=1349 nmethods=825 adapters=437
 compilation: enabled

Compilation events (10 events):
Event: 12636.154 Thread 0x000001e2e8b14800 nmethod 820 0x000001e2d3c14650 code [0x000001e2d3c149a0, 0x000001e2d3c183d0]
Event: 12736.273 Thread 0x000001e2e8b14800  821       4       java.lang.ref.ReferenceQueue::reallyPoll (65 bytes)
Event: 12736.278 Thread 0x000001e2e8b14800 nmethod 821 0x000001e2d3bebcd0 code [0x000001e2d3bebe00, 0x000001e2d3bebe78]
Event: 13437.372 Thread 0x000001e2e8b14800  822       4       java.lang.ClassLoader::getResource (36 bytes)
Event: 13437.401 Thread 0x000001e2e8b14800 nmethod 822 0x000001e2d3bf6ad0 code [0x000001e2d3bf6cc0, 0x000001e2d3bf7210]
Event: 13762.920 Thread 0x000001e2e8b14800  823       4       java.net.URLClassLoader$2::run (5 bytes)
Event: 13762.946 Thread 0x000001e2e8b14800 nmethod 823 0x000001e2d3bef950 code [0x000001e2d3befaa0, 0x000001e2d3befb68]
Event: 15598.402 Thread 0x000001e2e8b24800  824       3       java.lang.invoke.MemberName::isMethod (7 bytes)
Event: 15598.407 Thread 0x000001e2e8b24800 nmethod 824 0x000001e2d3bef490 code [0x000001e2d3bef600, 0x000001e2d3bef878]
Event: 15599.072 Thread 0x000001e2e8b17000  826       4       jdk.internal.org.objectweb.asm.Item::set (143 bytes)

GC Heap History (0 events):
No events

Deoptimization events (3 events):
Event: 0.257 Thread 0x000001e2d1ff4800 Uncommon trap: reason=unstable_if action=reinterpret pc=0x000001e2d3aae780 method=java.util.Properties$LineReader.readLine()I @ 252
Event: 0.258 Thread 0x000001e2d1ff4800 Uncommon trap: reason=unstable_if action=reinterpret pc=0x000001e2d3ab4be4 method=java.util.Properties.loadConvert([CII[C)Ljava/lang/String; @ 4
Event: 0.268 Thread 0x000001e2d1ff4800 Uncommon trap: reason=class_check action=maybe_recompile pc=0x000001e2d3b15bc0 method=java.util.Properties$LineReader.readLine()I @ 410

Classes redefined (0 events):
No events

Internal exceptions (10 events):
Event: 0.023 Thread 0x000001e2d1ff4800 Exception <a 'java/lang/NoSuchMethodError': Method sun.misc.Unsafe.defineClass(Ljava/lang/String;[BII)Ljava/lang/Class; name or signature does not match> (0x00000000d6507cc0) thrown at [C:\jenkins\workspace\8-2-build-windows-amd64-cygwin\jdk8u281\880\hots
Event: 0.023 Thread 0x000001e2d1ff4800 Exception <a 'java/lang/NoSuchMethodError': Method sun.misc.Unsafe.prefetchRead(Ljava/lang/Object;J)V name or signature does not match> (0x00000000d6507fa8) thrown at [C:\jenkins\workspace\8-2-build-windows-amd64-cygwin\jdk8u281\880\hotspot\src\share\vm\p
Event: 0.096 Thread 0x000001e2d1ff4800 Exception <a 'java/lang/NoSuchFieldError': method resolution failed> (0x00000000d671e8a0) thrown at [C:\jenkins\workspace\8-2-build-windows-amd64-cygwin\jdk8u281\880\hotspot\src\share\vm\prims\methodHandles.cpp, line 1169]
Event: 0.097 Thread 0x000001e2d1ff4800 Exception <a 'java/lang/NoSuchFieldError': method resolution failed> (0x00000000d672bca0) thrown at [C:\jenkins\workspace\8-2-build-windows-amd64-cygwin\jdk8u281\880\hotspot\src\share\vm\prims\methodHandles.cpp, line 1169]
Event: 0.115 Thread 0x000001e2ea212000 Exception <a 'java/security/PrivilegedActionException'> (0x00000000d68462d0) thrown at [C:\jenkins\workspace\8-2-build-windows-amd64-cygwin\jdk8u281\880\hotspot\src\share\vm\prims\jvm.cpp, line 1512]
Event: 0.115 Thread 0x000001e2ea212000 Exception <a 'java/security/PrivilegedActionException'> (0x00000000d68464e0) thrown at [C:\jenkins\workspace\8-2-build-windows-amd64-cygwin\jdk8u281\880\hotspot\src\share\vm\prims\jvm.cpp, line 1512]
Event: 0.116 Thread 0x000001e2ea212000 Exception <a 'java/security/PrivilegedActionException'> (0x00000000d684a150) thrown at [C:\jenkins\workspace\8-2-build-windows-amd64-cygwin\jdk8u281\880\hotspot\src\share\vm\prims\jvm.cpp, line 1512]
Event: 0.116 Thread 0x000001e2ea212000 Exception <a 'java/security/PrivilegedActionException'> (0x00000000d684a360) thrown at [C:\jenkins\workspace\8-2-build-windows-amd64-cygwin\jdk8u281\880\hotspot\src\share\vm\prims\jvm.cpp, line 1512]
Event: 0.348 Thread 0x000001e2d1ff4800 Exception <a 'java/io/FileNotFoundException'> (0x00000000d7196c70) thrown at [C:\jenkins\workspace\8-2-build-windows-amd64-cygwin\jdk8u281\880\hotspot\src\share\vm\prims\jni.cpp, line 710]
Event: 0.364 Thread 0x000001e2d1ff4800 Exception <a 'java/io/FileNotFoundException'> (0x00000000d71bd720) thrown at [C:\jenkins\workspace\8-2-build-windows-amd64-cygwin\jdk8u281\880\hotspot\src\share\vm\prims\jni.cpp, line 710]

Events (10 events):
Event: 1.725 loading class sun/reflect/UnsafeBooleanFieldAccessorImpl
Event: 1.725 loading class sun/reflect/UnsafeBooleanFieldAccessorImpl done
Event: 2.349 loading class java/awt/LightweightDispatcher$2
Event: 2.350 loading class java/awt/LightweightDispatcher$2 done
Event: 2.629 loading class java/awt/KeyboardFocusManager$2
Event: 2.629 loading class java/awt/KeyboardFocusManager$2 done
Event: 2.630 loading class sun/awt/SunToolkit$1
Event: 2.630 loading class sun/awt/SunToolkit$1 done
Event: 4.103 Executing VM operation: EnableBiasedLocking
Event: 4.103 Executing VM operation: EnableBiasedLocking done


Dynamic libraries:
0x00007ff769280000 - 0x00007ff7692c7000 	C:\Program Files\Java\jre1.8.0_281\bin\javaw.exe
0x00007fff50560000 - 0x00007fff50767000 	C:\WINDOWS\SYSTEM32\ntdll.dll
0x00007fff50240000 - 0x00007fff502fd000 	C:\WINDOWS\System32\KERNEL32.DLL
0x00007fff4db30000 - 0x00007fff4dea4000 	C:\WINDOWS\System32\KERNELBASE.dll
0x00007fff50190000 - 0x00007fff5023c000 	C:\WINDOWS\System32\ADVAPI32.dll
0x00007fff4f010000 - 0x00007fff4f0b3000 	C:\WINDOWS\System32\msvcrt.dll
0x00007fff4ef00000 - 0x00007fff4ef9d000 	C:\WINDOWS\System32\sechost.dll
0x00007fff503f0000 - 0x00007fff50511000 	C:\WINDOWS\System32\RPCRT4.dll
0x00007fff4f9a0000 - 0x00007fff4fb4c000 	C:\WINDOWS\System32\USER32.dll
0x00007fff4db00000 - 0x00007fff4db26000 	C:\WINDOWS\System32\win32u.dll
0x00007fff4f1b0000 - 0x00007fff4f1d9000 	C:\WINDOWS\System32\GDI32.dll
0x00007fff4deb0000 - 0x00007fff4dfc2000 	C:\WINDOWS\System32\gdi32full.dll
0x00007fff4e1c0000 - 0x00007fff4e25d000 	C:\WINDOWS\System32\msvcp_win.dll
0x00007fff4e260000 - 0x00007fff4e371000 	C:\WINDOWS\System32\ucrtbase.dll
0x00007fff27e80000 - 0x00007fff28125000 	C:\WINDOWS\WinSxS\amd64_microsoft.windows.common-controls_6595b64144ccf1df_6.0.22000.120_none_9d947278b86cc467\COMCTL32.dll
0x00007fff4ee20000 - 0x00007fff4ee51000 	C:\WINDOWS\System32\IMM32.DLL
0x00007fff0cb30000 - 0x00007fff0cb45000 	C:\Program Files\Java\jre1.8.0_281\bin\vcruntime140.dll
0x00007ffeebab0000 - 0x00007ffeebb4b000 	C:\Program Files\Java\jre1.8.0_281\bin\msvcp140.dll
0x000000006cc10000 - 0x000000006d46f000 	C:\Program Files\Java\jre1.8.0_281\bin\server\jvm.dll
0x00007fff50180000 - 0x00007fff50188000 	C:\WINDOWS\System32\PSAPI.DLL
0x00007fff3b220000 - 0x00007fff3b22a000 	C:\WINDOWS\SYSTEM32\VERSION.dll
0x00007fff45f30000 - 0x00007fff45f63000 	C:\WINDOWS\SYSTEM32\WINMM.dll
0x00007fff0c4a0000 - 0x00007fff0c4a9000 	C:\WINDOWS\SYSTEM32\WSOCK32.dll
0x00007fff4efa0000 - 0x00007fff4f00f000 	C:\WINDOWS\System32\WS2_32.dll
0x00007fff4cb30000 - 0x00007fff4cb48000 	C:\WINDOWS\SYSTEM32\kernel.appcore.dll
0x00007fff1e190000 - 0x00007fff1e1a0000 	C:\Program Files\Java\jre1.8.0_281\bin\verify.dll
0x00007ffeecf20000 - 0x00007ffeecf4b000 	C:\Program Files\Java\jre1.8.0_281\bin\java.dll
0x00007ffeecf00000 - 0x00007ffeecf18000 	C:\Program Files\Java\jre1.8.0_281\bin\zip.dll
0x00007fff4e3f0000 - 0x00007fff4eb99000 	C:\WINDOWS\System32\SHELL32.dll
0x00007fff4bbb0000 - 0x00007fff4c412000 	C:\WINDOWS\SYSTEM32\windows.storage.dll
0x00007fff4f3a0000 - 0x00007fff4f718000 	C:\WINDOWS\System32\combase.dll
0x00007fff4ba40000 - 0x00007fff4bba6000 	C:\WINDOWS\SYSTEM32\wintypes.dll
0x00007fff4ffd0000 - 0x00007fff500ba000 	C:\WINDOWS\System32\SHCORE.dll
0x00007fff50120000 - 0x00007fff5017d000 	C:\WINDOWS\System32\shlwapi.dll
0x00007fff4d970000 - 0x00007fff4d991000 	C:\WINDOWS\SYSTEM32\profapi.dll
0x00007ffeecee0000 - 0x00007ffeecefc000 	C:\Program Files\Java\jre1.8.0_281\bin\net.dll
0x00007fff4cf30000 - 0x00007fff4cf97000 	C:\WINDOWS\system32\mswsock.dll
0x00007fff4c690000 - 0x00007fff4c777000 	C:\WINDOWS\SYSTEM32\DNSAPI.dll
0x00007fff4c660000 - 0x00007fff4c68d000 	C:\WINDOWS\SYSTEM32\IPHLPAPI.DLL
0x00007fff4f930000 - 0x00007fff4f939000 	C:\WINDOWS\System32\NSI.dll
0x00007fff3bbc0000 - 0x00007fff3bbca000 	C:\Windows\System32\rasadhlp.dll
0x00007fff40c60000 - 0x00007fff40ce1000 	C:\WINDOWS\System32\fwpuclnt.dll
0x00007ffee5a20000 - 0x00007ffee5bb5000 	C:\Program Files\Java\jre1.8.0_281\bin\awt.dll
0x00007fff4eba0000 - 0x00007fff4ec76000 	C:\WINDOWS\System32\OLEAUT32.dll
0x00007fff4abb0000 - 0x00007fff4ac41000 	C:\WINDOWS\SYSTEM32\apphelp.dll
0x00007fff4b2e0000 - 0x00007fff4b30f000 	C:\WINDOWS\system32\DWMAPI.DLL
0x00007fff4b040000 - 0x00007fff4b0ec000 	C:\WINDOWS\system32\uxtheme.dll
0x00007fff21a60000 - 0x00007fff21b61000 	C:\WINDOWS\system32\opengl32.dll
0x00007fff21a30000 - 0x00007fff21a5d000 	C:\WINDOWS\SYSTEM32\GLU32.dll
0x00007fff4b150000 - 0x00007fff4b188000 	C:\WINDOWS\SYSTEM32\dxcore.dll
0x00007fff4f7d0000 - 0x00007fff4f8ee000 	C:\WINDOWS\System32\MSCTF.dll
0x00007fff4ec80000 - 0x00007fff4ee1a000 	C:\WINDOWS\System32\ole32.dll
0x00007fff4dfd0000 - 0x00007fff4e050000 	C:\WINDOWS\System32\bcryptPrimitives.dll
0x00007ffeece00000 - 0x00007ffeece49000 	C:\Program Files\Java\jre1.8.0_281\bin\fontmanager.dll
0x00007ffeecde0000 - 0x00007ffeecdf3000 	C:\Program Files\Java\jre1.8.0_281\bin\nio.dll
0x00007ffeecd90000 - 0x00007ffeecdd3000 	C:\Program Files\Java\jre1.8.0_281\bin\t2k.dll
0x00007fff21320000 - 0x00007fff2144d000 	C:\WINDOWS\SYSTEM32\textinputframework.dll
0x00007fff4a6c0000 - 0x00007fff4a7f2000 	C:\WINDOWS\SYSTEM32\CoreMessaging.dll
0x00007fff47230000 - 0x00007fff4759d000 	C:\WINDOWS\SYSTEM32\CoreUIComponents.dll
0x00007fff4d120000 - 0x00007fff4d12c000 	C:\WINDOWS\SYSTEM32\CRYPTBASE.DLL
0x00007fff4ac50000 - 0x00007fff4ae71000 	C:\WINDOWS\SYSTEM32\dbghelp.dll

VM Arguments:
jvm_args: -Dfile.encoding=UTF-8 
java_command: stage_00.Main
java_class_path (initial): C:\Users\AymaneHR\Documents\IID1\S2\Java\TP__\stage_00\bin;C:\Users\AymaneHR\Documents\IID1\S2\Java\TP__\stage_00\mysqldriver\mysql-connector-java-8.0.25.jar;C:\Users\AymaneHR\Documents\IID1\S2\Java\TP__\stage_00\miglayout15-swing.jar;C:\Users\AymaneHR\Documents\IID1\S2\Java\TP__\stage_00\jgoodies-forms-1.8.0.jar
Launcher Type: SUN_STANDARD

Environment Variables:
JAVA_HOME=C:\Program Files\Java\jdk1.8.0_301
PATH=C:/Users/AymaneHR/.p2/pool/plugins/org.eclipse.justj.openjdk.hotspot.jre.full.win32.x86_64_15.0.2.v20210201-0955/jre/bin/server;C:/Users/AymaneHR/.p2/pool/plugins/org.eclipse.justj.openjdk.hotspot.jre.full.win32.x86_64_15.0.2.v20210201-0955/jre/bin;C:\Program Files\AdoptOpenJDK\jdk-11.0.11.9-hotspot\bin;C:\Program Files\OpenJDK\jdk-8.0.262.10-hotspot\bin;C:\Program Files (x86)\VMware\VMware Workstation\bin\;C:\Program Files (x86)\Common Files\Oracle\Java\javapath;C:\WINDOWS\system32;C:\WINDOWS;C:\WINDOWS\System32\Wbem;C:\WINDOWS\System32\WindowsPowerShell\v1.0\;C:\WINDOWS\System32\OpenSSH\;C:\Program Files\MATLAB\MATLAB Production Server\R2015a\runtime\win64;C:\Program Files\MATLAB\MATLAB Production Server\R2015a\bin;C:\Program Files\MATLAB\MATLAB Production Server\R2015a\polyspace\bin;C:\Program Files\Git\cmd;C:\Program Files\Git\mingw64\bin;C:\Program Files\Git\usr\bin;C:\webdrivers;C:\Program Files\nodejs\;C:\Program Files\MongoDB\Server\4.4\bin;C:\Program Files\MongoDB\Tools\100\bin;D:\Downloads\Softwares;C:\Program Files\CMake\bin;C:\Program Files\Java\jdk1.8.0_301\bin;C:\Users\AymaneHR\anaconda3;C:\Users\AymaneHR\anaconda3\Library\mingw-w64\bin;C:\Users\AymaneHR\anaconda3\Library\usr\bin;C:\Users\AymaneHR\anaconda3\Library\bin;C:\Users\AymaneHR\anaconda3\Scripts;C:\Users\AymaneHR\AppData\Local\Programs\Python\Python39\Scripts\;C:\Users\AymaneHR\AppData\Local\Programs\Python\Python39\;C:\Users\AymaneHR\AppData\Local\Microsoft\WindowsApps;C:\Program Files\JetBrains\PyCharm Community Edition 2020.2.3\bin;;C:\Users\AymaneHR\AppData\Roaming\npm;C:\Users\AymaneHR\AppData\Local\Programs\Microsoft VS Code\bin;C:\Program Files\heroku\bin;;C:\Users\AymaneHR\Desktop;
USERNAME=AymaneHR
OS=Windows_NT
PROCESSOR_IDENTIFIER=Intel64 Family 6 Model 142 Stepping 12, GenuineIntel



---------------  S Y S T E M  ---------------

OS: Windows 10.0 , 64 bit Build 22000 (10.0.22000.120)

CPU:total 8 (initial active 8) (4 cores per cpu, 2 threads per core) family 6 model 142 stepping 12, cmov, cx8, fxsr, mmx, sse, sse2, sse3, ssse3, sse4.1, sse4.2, popcnt, avx, avx2, aes, clmul, erms, 3dnowpref, lzcnt, ht, tsc, tscinvbit, bmi1, bmi2, adx

Memory: 4k page, physical 8195116k(278472k free), swap 33360940k(0k free)

vm_info: Java HotSpot(TM) 64-Bit Server VM (25.281-b09) for windows-amd64 JRE (1.8.0_281-b09), built on Dec  9 2020 13:54:07 by "" with MS VC++ 15.9 (VS2017)

time: Tue Aug 10 17:22:48 2021
timezone: UTC
elapsed time: 15599.123846 seconds (0d 4h 19m 59s)

